Using pre-set license
Built from '2020.2/release' branch; Version is '2020.2.4f1 (becced5a802b) revision 12504301'; Using compiler version '192528614'; Build Type 'Release'
OS: 'Windows 10 Pro; OS build 19043.1586; Version 2009; 64bit' Language: 'es' Physical Memory: 16308 MB
BatchMode: 1, IsHumanControllingUs: 0, StartBugReporterOnCrash: 0, Is64bit: 1, IsPro: 0

 COMMAND LINE ARGUMENTS:
C:\Program Files\Unity\Hub\Editor\2020.2.4f1\Editor\Unity.exe
-adb2
-batchMode
-noUpm
-name
AssetImportWorker0
-projectPath
C:/Users/ekas3/Rollaball
-logFile
Logs/AssetImportWorker0.log
-srvPort
59430
Successfully changed project path to: C:/Users/ekas3/Rollaball
C:/Users/ekas3/Rollaball
Using Asset Import Pipeline V2.
Refreshing native plugins compatible for Editor in 18.23 ms, found 0 plugins.
Preloading 0 native plugins for Editor in 0.00 ms.
Initialize engine version: 2020.2.4f1 (becced5a802b)
[Subsystems] Discovering subsystems at path C:/Program Files/Unity/Hub/Editor/2020.2.4f1/Editor/Data/Resources/UnitySubsystems
[Subsystems] Discovering subsystems at path C:/Users/ekas3/Rollaball/Assets
GfxDevice: creating device client; threaded=0
Direct3D:
    Version:  Direct3D 11.0 [level 11.1]
    Renderer: NVIDIA GeForce RTX 2060 (ID=0x1f08)
    Vendor:   
    VRAM:     5980 MB
    Driver:   30.0.15.1215
Initialize mono
Mono path[0] = 'C:/Program Files/Unity/Hub/Editor/2020.2.4f1/Editor/Data/Managed'
Mono path[1] = 'C:/Program Files/Unity/Hub/Editor/2020.2.4f1/Editor/Data/MonoBleedingEdge/lib/mono/unityjit'
Mono config path = 'C:/Program Files/Unity/Hub/Editor/2020.2.4f1/Editor/Data/MonoBleedingEdge/etc'
Using monoOptions --debugger-agent=transport=dt_socket,embedding=1,server=y,suspend=n,address=127.0.0.1:56520
Begin MonoManager ReloadAssembly
Registering precompiled unity dll's ...
Register platform support module: C:/Program Files/Unity/Hub/Editor/2020.2.4f1/Editor/Data/PlaybackEngines/WindowsStandaloneSupport/UnityEditor.WindowsStandalone.Extensions.dll
Registered in 0.001499 seconds.
Native extension for WindowsStandalone target not found
Refreshing native plugins compatible for Editor in 19.09 ms, found 0 plugins.
Preloading 0 native plugins for Editor in 0.00 ms.
Invoked RoslynAnalysisRunner static constructor.
RoslynAnalysisRunner will not be running.
RoslynAnalysisRunner has terminated.
Mono: successfully reloaded assembly
- Completed reload, in  0.725 seconds
Platform modules already initialized, skipping
Registering precompiled user dll's ...
Registered in 0.000646 seconds.
Begin MonoManager ReloadAssembly
Native extension for WindowsStandalone target not found
Refreshing native plugins compatible for Editor in 18.58 ms, found 0 plugins.
Preloading 0 native plugins for Editor in 0.00 ms.
Invoked RoslynAnalysisRunner static constructor.
RoslynAnalysisRunner will not be running.
RoslynAnalysisRunner has terminated.
Mono: successfully reloaded assembly
- Completed reload, in  0.554 seconds
Platform modules already initialized, skipping
========================================================================
Worker process is ready to serve import requests
Launched and connected shader compiler UnityShaderCompiler.exe after 0.02 seconds
Refreshing native plugins compatible for Editor in 0.38 ms, found 0 plugins.
Preloading 0 native plugins for Editor in 0.00 ms.
Unloading 1416 Unused Serialized files (Serialized files now loaded: 0)
System memory in use before: 68.9 MB.
System memory in use after: 69.0 MB.

Unloading 12 unused Assets to reduce memory usage. Loaded Objects now: 1859.
Total: 1.501200 ms (FindLiveObjects: 0.129800 ms CreateObjectMapping: 0.044200 ms MarkObjects: 1.269600 ms  DeleteObjects: 0.056700 ms)

========================================================================
Received Import Request.
  path: Assets/Audios
  artifactKey: Guid(31e1beacccb19584bb3f43b529aef8d3) Importer(815301076,1909f56bfc062723c751e8b465ee728b)
Start importing Assets/Audios using Guid(31e1beacccb19584bb3f43b529aef8d3) Importer(815301076,1909f56bfc062723c751e8b465ee728b)  -> (artifact id: '76bf4d7c54ed826346093e38ef4c0798') in 0.006510 seconds
  Import took 0.008115 seconds .

========================================================================
Received Import Request.
  Time since last request: 4.713056 seconds.
  path: Assets/Audios/PickUp Sound.mp3
  artifactKey: Guid(0384854061746494d999e127ba659031) Importer(815301076,1909f56bfc062723c751e8b465ee728b)
Start importing Assets/Audios/PickUp Sound.mp3 using Guid(0384854061746494d999e127ba659031) Importer(815301076,1909f56bfc062723c751e8b465ee728b)  -> (artifact id: '3df8f6bd388f6ada715c8c1727167050') in 0.055720 seconds
  Import took 0.057545 seconds .

========================================================================
Received Import Request.
  Time since last request: 189.121054 seconds.
  path: Assets/Scripts/PlayerController.cs
  artifactKey: Guid(61a2a9ba7e5d36342bda5485700198cc) Importer(815301076,1909f56bfc062723c751e8b465ee728b)
Start importing Assets/Scripts/PlayerController.cs using Guid(61a2a9ba7e5d36342bda5485700198cc) Importer(815301076,1909f56bfc062723c751e8b465ee728b)  -> (artifact id: '60cbf1aa98a56428fc8f8e8baa00fbdb') in 0.006823 seconds
  Import took 0.008680 seconds .

========================================================================
Received Import Request.
  Time since last request: 0.012401 seconds.
  path: Assets/Scripts/PlayerController.cs
  artifactKey: Guid(61a2a9ba7e5d36342bda5485700198cc) Importer(815301076,1909f56bfc062723c751e8b465ee728b)
Start importing Assets/Scripts/PlayerController.cs using Guid(61a2a9ba7e5d36342bda5485700198cc) Importer(815301076,1909f56bfc062723c751e8b465ee728b)  -> (artifact id: '60cbf1aa98a56428fc8f8e8baa00fbdb') in 0.001984 seconds
  Import took 0.003807 seconds .

========================================================================
Received Import Request.
  Time since last request: 57.101475 seconds.
  path: Assets/Scripts/PlayerController.cs
  artifactKey: Guid(61a2a9ba7e5d36342bda5485700198cc) Importer(815301076,1909f56bfc062723c751e8b465ee728b)
Start importing Assets/Scripts/PlayerController.cs using Guid(61a2a9ba7e5d36342bda5485700198cc) Importer(815301076,1909f56bfc062723c751e8b465ee728b)  -> (artifact id: '5190897ffd3f8d9ab799cf197cf3042e') in 0.001799 seconds
  Import took 0.004318 seconds .

========================================================================
Received Prepare
Registering precompiled user dll's ...
Registered in 0.000449 seconds.
Begin MonoManager ReloadAssembly
Native extension for WindowsStandalone target not found
Refreshing native plugins compatible for Editor in 0.23 ms, found 0 plugins.
Preloading 0 native plugins for Editor in 0.00 ms.
Invoked RoslynAnalysisRunner static constructor.
RoslynAnalysisRunner will not be running.
RoslynAnalysisRunner has terminated.
Mono: successfully reloaded assembly
- Completed reload, in  0.531 seconds
Platform modules already initialized, skipping
Refreshing native plugins compatible for Editor in 0.18 ms, found 0 plugins.
Preloading 0 native plugins for Editor in 0.00 ms.
Unloading 1398 Unused Serialized files (Serialized files now loaded: 0)
System memory in use before: 71.2 MB.
System memory in use after: 71.3 MB.

Unloading 5 unused Assets to reduce memory usage. Loaded Objects now: 1870.
Total: 1.539100 ms (FindLiveObjects: 0.128700 ms CreateObjectMapping: 0.038200 ms MarkObjects: 1.339200 ms  DeleteObjects: 0.032000 ms)

========================================================================
Received Prepare
Registering precompiled user dll's ...
Registered in 0.000448 seconds.
Begin MonoManager ReloadAssembly
Native extension for WindowsStandalone target not found
Refreshing native plugins compatible for Editor in 0.22 ms, found 0 plugins.
Preloading 0 native plugins for Editor in 0.00 ms.
Invoked RoslynAnalysisRunner static constructor.
RoslynAnalysisRunner will not be running.
RoslynAnalysisRunner has terminated.
Mono: successfully reloaded assembly
- Completed reload, in  0.505 seconds
Platform modules already initialized, skipping
Refreshing native plugins compatible for Editor in 0.19 ms, found 0 plugins.
Preloading 0 native plugins for Editor in 0.00 ms.
Unloading 1398 Unused Serialized files (Serialized files now loaded: 0)
System memory in use before: 71.2 MB.
System memory in use after: 71.3 MB.

Unloading 5 unused Assets to reduce memory usage. Loaded Objects now: 1872.
Total: 1.575600 ms (FindLiveObjects: 0.127500 ms CreateObjectMapping: 0.036100 ms MarkObjects: 1.376800 ms  DeleteObjects: 0.034500 ms)

========================================================================
Received Prepare
Registering precompiled user dll's ...
Registered in 0.000461 seconds.
Begin MonoManager ReloadAssembly
Native extension for WindowsStandalone target not found
Refreshing native plugins compatible for Editor in 0.22 ms, found 0 plugins.
Preloading 0 native plugins for Editor in 0.00 ms.
Invoked RoslynAnalysisRunner static constructor.
RoslynAnalysisRunner will not be running.
RoslynAnalysisRunner has terminated.
Mono: successfully reloaded assembly
- Completed reload, in  0.506 seconds
Platform modules already initialized, skipping
Refreshing native plugins compatible for Editor in 0.19 ms, found 0 plugins.
Preloading 0 native plugins for Editor in 0.00 ms.
Unloading 1398 Unused Serialized files (Serialized files now loaded: 0)
System memory in use before: 71.2 MB.
System memory in use after: 71.3 MB.

Unloading 5 unused Assets to reduce memory usage. Loaded Objects now: 1874.
Total: 1.401000 ms (FindLiveObjects: 0.116200 ms CreateObjectMapping: 0.032100 ms MarkObjects: 1.221000 ms  DeleteObjects: 0.030800 ms)

========================================================================
Received Import Request.
  Time since last request: 300.640279 seconds.
  path: Assets/Audios/PickUp Sound.mp3
  artifactKey: Guid(0384854061746494d999e127ba659031) Importer(815301076,1909f56bfc062723c751e8b465ee728b)
Start importing Assets/Audios/PickUp Sound.mp3 using Guid(0384854061746494d999e127ba659031) Importer(815301076,1909f56bfc062723c751e8b465ee728b)  -> (artifact id: 'c076a252bde701b239e519a5dc3b1671') in 0.031751 seconds
  Import took 0.033695 seconds .

========================================================================
Received Prepare
Registering precompiled user dll's ...
Registered in 0.000458 seconds.
Begin MonoManager ReloadAssembly
Native extension for WindowsStandalone target not found
Refreshing native plugins compatible for Editor in 0.23 ms, found 0 plugins.
Preloading 0 native plugins for Editor in 0.00 ms.
Invoked RoslynAnalysisRunner static constructor.
RoslynAnalysisRunner will not be running.
RoslynAnalysisRunner has terminated.
Mono: successfully reloaded assembly
- Completed reload, in  0.501 seconds
Platform modules already initialized, skipping
Refreshing native plugins compatible for Editor in 0.20 ms, found 0 plugins.
Preloading 0 native plugins for Editor in 0.00 ms.
Unloading 1398 Unused Serialized files (Serialized files now loaded: 0)
System memory in use before: 71.2 MB.
System memory in use after: 71.3 MB.

Unloading 5 unused Assets to reduce memory usage. Loaded Objects now: 1877.
Total: 1.468200 ms (FindLiveObjects: 0.111700 ms CreateObjectMapping: 0.029200 ms MarkObjects: 1.295000 ms  DeleteObjects: 0.031300 ms)

========================================================================
Received Import Request.
  Time since last request: 322.939342 seconds.
  path: Assets/Materials/PickUp.mat
  artifactKey: Guid(34837fd04fb9e354d8c812f865575a18) Importer(815301076,1909f56bfc062723c751e8b465ee728b)
Start importing Assets/Materials/PickUp.mat using Guid(34837fd04fb9e354d8c812f865575a18) Importer(815301076,1909f56bfc062723c751e8b465ee728b)  -> (artifact id: 'bb2cec7fa1c2b6bb39702df6b8633fa8') in 0.048808 seconds
  Import took 0.050876 seconds .

========================================================================
Received Import Request.
  Time since last request: 13.050959 seconds.
  path: Assets/Materials/NOT PickUp.mat
  artifactKey: Guid(be7b3e278d4cf6741b9e3de1ff9f9204) Importer(815301076,1909f56bfc062723c751e8b465ee728b)
Start importing Assets/Materials/NOT PickUp.mat using Guid(be7b3e278d4cf6741b9e3de1ff9f9204) Importer(815301076,1909f56bfc062723c751e8b465ee728b)  -> (artifact id: 'b3920ebb9823f25294537a92cb2e26a5') in 0.009796 seconds
  Import took 0.012403 seconds .

========================================================================
Received Prepare
Registering precompiled user dll's ...
Registered in 0.000430 seconds.
Begin MonoManager ReloadAssembly
Native extension for WindowsStandalone target not found
Refreshing native plugins compatible for Editor in 0.22 ms, found 0 plugins.
Preloading 0 native plugins for Editor in 0.00 ms.
Invoked RoslynAnalysisRunner static constructor.
RoslynAnalysisRunner will not be running.
RoslynAnalysisRunner has terminated.
Mono: successfully reloaded assembly
- Completed reload, in  0.513 seconds
Platform modules already initialized, skipping
Refreshing native plugins compatible for Editor in 0.19 ms, found 0 plugins.
Preloading 0 native plugins for Editor in 0.00 ms.
Unloading 1399 Unused Serialized files (Serialized files now loaded: 0)
System memory in use before: 71.5 MB.
System memory in use after: 71.6 MB.

Unloading 5 unused Assets to reduce memory usage. Loaded Objects now: 1914.
Total: 1.525100 ms (FindLiveObjects: 0.119500 ms CreateObjectMapping: 0.035800 ms MarkObjects: 1.338700 ms  DeleteObjects: 0.030200 ms)

========================================================================
Received Prepare
Registering precompiled user dll's ...
Registered in 0.000467 seconds.
Begin MonoManager ReloadAssembly
Native extension for WindowsStandalone target not found
Refreshing native plugins compatible for Editor in 0.22 ms, found 0 plugins.
Preloading 0 native plugins for Editor in 0.00 ms.
Invoked RoslynAnalysisRunner static constructor.
RoslynAnalysisRunner will not be running.
RoslynAnalysisRunner has terminated.
Mono: successfully reloaded assembly
- Completed reload, in  0.497 seconds
Platform modules already initialized, skipping
Refreshing native plugins compatible for Editor in 0.16 ms, found 0 plugins.
Preloading 0 native plugins for Editor in 0.00 ms.
Unloading 1400 Unused Serialized files (Serialized files now loaded: 0)
System memory in use before: 71.6 MB.
System memory in use after: 71.6 MB.

Unloading 5 unused Assets to reduce memory usage. Loaded Objects now: 1917.
Total: 1.547400 ms (FindLiveObjects: 0.119500 ms CreateObjectMapping: 0.036800 ms MarkObjects: 1.360600 ms  DeleteObjects: 0.029800 ms)

========================================================================
Received Import Request.
  Time since last request: 359.058652 seconds.
  path: Assets/Prefabs/NOT PickUp.prefab
  artifactKey: Guid(ee428e3d9a54b14448600ce0e211a276) Importer(815301076,1909f56bfc062723c751e8b465ee728b)
Start importing Assets/Prefabs/NOT PickUp.prefab using Guid(ee428e3d9a54b14448600ce0e211a276) Importer(815301076,1909f56bfc062723c751e8b465ee728b)  -> (artifact id: 'aa5314e898ab71d0eb7d50ecae8c793b') in 0.041871 seconds
  Import took 0.043841 seconds .

========================================================================
Received Import Request.
  Time since last request: 0.001381 seconds.
  path: Assets/Prefabs/NOT PickUp.prefab
  artifactKey: Guid(ee428e3d9a54b14448600ce0e211a276) Importer(815301076,1909f56bfc062723c751e8b465ee728b)
Start importing Assets/Prefabs/NOT PickUp.prefab using Guid(ee428e3d9a54b14448600ce0e211a276) Importer(815301076,1909f56bfc062723c751e8b465ee728b)  -> (artifact id: 'aa5314e898ab71d0eb7d50ecae8c793b') in 0.011600 seconds
  Import took 0.013197 seconds .

========================================================================
Received Import Request.
  Time since last request: 11.292685 seconds.
  path: Assets/Prefabs/NOT PickUp.prefab
  artifactKey: Guid(ee428e3d9a54b14448600ce0e211a276) Importer(815301076,1909f56bfc062723c751e8b465ee728b)
Start importing Assets/Prefabs/NOT PickUp.prefab using Guid(ee428e3d9a54b14448600ce0e211a276) Importer(815301076,1909f56bfc062723c751e8b465ee728b)  -> (artifact id: '2d19ed4f5bd18224f9d18c22f3a130e7') in 0.007472 seconds
  Import took 0.009729 seconds .

========================================================================
Received Import Request.
  Time since last request: 62.918896 seconds.
  path: ProjectSettings/TagManager.asset
  artifactKey: Guid(00000000000000003000000000000000) Importer(815301076,1909f56bfc062723c751e8b465ee728b)
Start importing ProjectSettings/TagManager.asset using Guid(00000000000000003000000000000000) Importer(815301076,1909f56bfc062723c751e8b465ee728b)  -> (artifact id: 'bff2639625df3c7dc01623097662ec9a') in 0.006334 seconds
  Import took 0.008243 seconds .

========================================================================
Received Import Request.
  Time since last request: 31.977576 seconds.
  path: Assets/Scripts/PlayerController.cs
  artifactKey: Guid(61a2a9ba7e5d36342bda5485700198cc) Importer(815301076,1909f56bfc062723c751e8b465ee728b)
Start importing Assets/Scripts/PlayerController.cs using Guid(61a2a9ba7e5d36342bda5485700198cc) Importer(815301076,1909f56bfc062723c751e8b465ee728b)  -> (artifact id: 'd97f9f51f62965db00656904bfc3b88d') in 0.002298 seconds
  Import took 0.004036 seconds .

========================================================================
Received Prepare
Registering precompiled user dll's ...
Registered in 0.000460 seconds.
Begin MonoManager ReloadAssembly
Native extension for WindowsStandalone target not found
Refreshing native plugins compatible for Editor in 0.22 ms, found 0 plugins.
Preloading 0 native plugins for Editor in 0.00 ms.
Invoked RoslynAnalysisRunner static constructor.
RoslynAnalysisRunner will not be running.
RoslynAnalysisRunner has terminated.
Mono: successfully reloaded assembly
- Completed reload, in  0.503 seconds
Platform modules already initialized, skipping
Refreshing native plugins compatible for Editor in 0.19 ms, found 0 plugins.
Preloading 0 native plugins for Editor in 0.00 ms.
Unloading 1400 Unused Serialized files (Serialized files now loaded: 0)
System memory in use before: 71.6 MB.
System memory in use after: 71.7 MB.

Unloading 6 unused Assets to reduce memory usage. Loaded Objects now: 1921.
Total: 1.466200 ms (FindLiveObjects: 0.123100 ms CreateObjectMapping: 0.037900 ms MarkObjects: 1.274300 ms  DeleteObjects: 0.030100 ms)

========================================================================
Received Import Request.
  Time since last request: 33.399286 seconds.
  path: Assets/Scripts/PlayerController.cs
  artifactKey: Guid(61a2a9ba7e5d36342bda5485700198cc) Importer(815301076,1909f56bfc062723c751e8b465ee728b)
Start importing Assets/Scripts/PlayerController.cs using Guid(61a2a9ba7e5d36342bda5485700198cc) Importer(815301076,1909f56bfc062723c751e8b465ee728b)  -> (artifact id: 'bfe0510068467c4ccd6480fec3fefc92') in 0.004960 seconds
  Import took 0.006609 seconds .

========================================================================
Received Prepare
Registering precompiled user dll's ...
Registered in 0.000484 seconds.
Begin MonoManager ReloadAssembly
Native extension for WindowsStandalone target not found
Refreshing native plugins compatible for Editor in 0.22 ms, found 0 plugins.
Preloading 0 native plugins for Editor in 0.00 ms.
Invoked RoslynAnalysisRunner static constructor.
RoslynAnalysisRunner will not be running.
RoslynAnalysisRunner has terminated.
Mono: successfully reloaded assembly
- Completed reload, in  0.500 seconds
Platform modules already initialized, skipping
Refreshing native plugins compatible for Editor in 0.20 ms, found 0 plugins.
Preloading 0 native plugins for Editor in 0.00 ms.
Unloading 1400 Unused Serialized files (Serialized files now loaded: 0)
System memory in use before: 71.6 MB.
System memory in use after: 71.7 MB.

Unloading 5 unused Assets to reduce memory usage. Loaded Objects now: 1923.
Total: 1.541300 ms (FindLiveObjects: 0.122700 ms CreateObjectMapping: 0.039100 ms MarkObjects: 1.349600 ms  DeleteObjects: 0.029300 ms)

========================================================================
Received Prepare
Registering precompiled user dll's ...
Registered in 0.000481 seconds.
Begin MonoManager ReloadAssembly
Native extension for WindowsStandalone target not found
Refreshing native plugins compatible for Editor in 0.22 ms, found 0 plugins.
Preloading 0 native plugins for Editor in 0.00 ms.
Invoked RoslynAnalysisRunner static constructor.
RoslynAnalysisRunner will not be running.
RoslynAnalysisRunner has terminated.
Mono: successfully reloaded assembly
- Completed reload, in  0.511 seconds
Platform modules already initialized, skipping
Refreshing native plugins compatible for Editor in 0.21 ms, found 0 plugins.
Preloading 0 native plugins for Editor in 0.00 ms.
Unloading 1400 Unused Serialized files (Serialized files now loaded: 0)
System memory in use before: 71.6 MB.
System memory in use after: 71.7 MB.

Unloading 5 unused Assets to reduce memory usage. Loaded Objects now: 1925.
Total: 1.692600 ms (FindLiveObjects: 0.151900 ms CreateObjectMapping: 0.036300 ms MarkObjects: 1.470500 ms  DeleteObjects: 0.033100 ms)

========================================================================
Received Prepare
Registering precompiled user dll's ...
Registered in 0.000487 seconds.
Begin MonoManager ReloadAssembly
Native extension for WindowsStandalone target not found
Refreshing native plugins compatible for Editor in 0.22 ms, found 0 plugins.
Preloading 0 native plugins for Editor in 0.00 ms.
Invoked RoslynAnalysisRunner static constructor.
RoslynAnalysisRunner will not be running.
RoslynAnalysisRunner has terminated.
Mono: successfully reloaded assembly
- Completed reload, in  0.509 seconds
Platform modules already initialized, skipping
Refreshing native plugins compatible for Editor in 0.24 ms, found 0 plugins.
Preloading 0 native plugins for Editor in 0.00 ms.
Unloading 1400 Unused Serialized files (Serialized files now loaded: 0)
System memory in use before: 71.6 MB.
System memory in use after: 71.7 MB.

Unloading 5 unused Assets to reduce memory usage. Loaded Objects now: 1927.
Total: 1.489500 ms (FindLiveObjects: 0.129000 ms CreateObjectMapping: 0.040200 ms MarkObjects: 1.286600 ms  DeleteObjects: 0.032900 ms)

========================================================================
Received Prepare
Registering precompiled user dll's ...
Registered in 0.000480 seconds.
Begin MonoManager ReloadAssembly
Native extension for WindowsStandalone target not found
Refreshing native plugins compatible for Editor in 0.23 ms, found 0 plugins.
Preloading 0 native plugins for Editor in 0.00 ms.
Invoked RoslynAnalysisRunner static constructor.
RoslynAnalysisRunner will not be running.
RoslynAnalysisRunner has terminated.
Mono: successfully reloaded assembly
- Completed reload, in  0.509 seconds
Platform modules already initialized, skipping
Refreshing native plugins compatible for Editor in 0.21 ms, found 0 plugins.
Preloading 0 native plugins for Editor in 0.00 ms.
Unloading 1400 Unused Serialized files (Serialized files now loaded: 0)
System memory in use before: 71.6 MB.
System memory in use after: 71.7 MB.

Unloading 5 unused Assets to reduce memory usage. Loaded Objects now: 1929.
Total: 1.428400 ms (FindLiveObjects: 0.129800 ms CreateObjectMapping: 0.036400 ms MarkObjects: 1.232200 ms  DeleteObjects: 0.029300 ms)

========================================================================
Received Prepare
Registering precompiled user dll's ...
Registered in 0.000468 seconds.
Begin MonoManager ReloadAssembly
Native extension for WindowsStandalone target not found
Refreshing native plugins compatible for Editor in 0.22 ms, found 0 plugins.
Preloading 0 native plugins for Editor in 0.00 ms.
Invoked RoslynAnalysisRunner static constructor.
RoslynAnalysisRunner will not be running.
RoslynAnalysisRunner has terminated.
Mono: successfully reloaded assembly
- Completed reload, in  0.506 seconds
Platform modules already initialized, skipping
Refreshing native plugins compatible for Editor in 0.18 ms, found 0 plugins.
Preloading 0 native plugins for Editor in 0.00 ms.
Unloading 1400 Unused Serialized files (Serialized files now loaded: 0)
System memory in use before: 71.6 MB.
System memory in use after: 71.7 MB.

Unloading 5 unused Assets to reduce memory usage. Loaded Objects now: 1931.
Total: 1.504800 ms (FindLiveObjects: 0.153100 ms CreateObjectMapping: 0.043700 ms MarkObjects: 1.278400 ms  DeleteObjects: 0.028900 ms)

========================================================================
Received Prepare
Registering precompiled user dll's ...
Registered in 0.000446 seconds.
Begin MonoManager ReloadAssembly
Native extension for WindowsStandalone target not found
Refreshing native plugins compatible for Editor in 0.22 ms, found 0 plugins.
Preloading 0 native plugins for Editor in 0.00 ms.
Invoked RoslynAnalysisRunner static constructor.
RoslynAnalysisRunner will not be running.
RoslynAnalysisRunner has terminated.
Mono: successfully reloaded assembly
- Completed reload, in  0.503 seconds
Platform modules already initialized, skipping
Refreshing native plugins compatible for Editor in 0.21 ms, found 0 plugins.
Preloading 0 native plugins for Editor in 0.00 ms.
Unloading 1400 Unused Serialized files (Serialized files now loaded: 0)
System memory in use before: 71.6 MB.
System memory in use after: 71.7 MB.

Unloading 5 unused Assets to reduce memory usage. Loaded Objects now: 1933.
Total: 1.486000 ms (FindLiveObjects: 0.124900 ms CreateObjectMapping: 0.037000 ms MarkObjects: 1.292900 ms  DeleteObjects: 0.030400 ms)

========================================================================
Received Prepare
Registering precompiled user dll's ...
Registered in 0.000463 seconds.
Begin MonoManager ReloadAssembly
Native extension for WindowsStandalone target not found
Refreshing native plugins compatible for Editor in 0.22 ms, found 0 plugins.
Preloading 0 native plugins for Editor in 0.00 ms.
Invoked RoslynAnalysisRunner static constructor.
RoslynAnalysisRunner will not be running.
RoslynAnalysisRunner has terminated.
Mono: successfully reloaded assembly
- Completed reload, in  0.488 seconds
Platform modules already initialized, skipping
Refreshing native plugins compatible for Editor in 0.18 ms, found 0 plugins.
Preloading 0 native plugins for Editor in 0.00 ms.
Unloading 1400 Unused Serialized files (Serialized files now loaded: 0)
System memory in use before: 71.7 MB.
System memory in use after: 71.7 MB.

Unloading 5 unused Assets to reduce memory usage. Loaded Objects now: 1935.
Total: 1.588600 ms (FindLiveObjects: 0.124900 ms CreateObjectMapping: 0.037000 ms MarkObjects: 1.397300 ms  DeleteObjects: 0.028600 ms)

========================================================================
Received Prepare
Registering precompiled user dll's ...
Registered in 0.000483 seconds.
Begin MonoManager ReloadAssembly
Native extension for WindowsStandalone target not found
Refreshing native plugins compatible for Editor in 0.23 ms, found 0 plugins.
Preloading 0 native plugins for Editor in 0.00 ms.
Invoked RoslynAnalysisRunner static constructor.
RoslynAnalysisRunner will not be running.
RoslynAnalysisRunner has terminated.
Mono: successfully reloaded assembly
- Completed reload, in  0.500 seconds
Platform modules already initialized, skipping
Refreshing native plugins compatible for Editor in 0.19 ms, found 0 plugins.
Preloading 0 native plugins for Editor in 0.00 ms.
Unloading 1400 Unused Serialized files (Serialized files now loaded: 0)
System memory in use before: 71.7 MB.
System memory in use after: 71.7 MB.

Unloading 5 unused Assets to reduce memory usage. Loaded Objects now: 1937.
Total: 1.569900 ms (FindLiveObjects: 0.124300 ms CreateObjectMapping: 0.036800 ms MarkObjects: 1.378400 ms  DeleteObjects: 0.029500 ms)

========================================================================
Received Import Request.
  Time since last request: 646.312944 seconds.
  path: Assets/Prefabs/NOT PickUp.prefab
  artifactKey: Guid(ee428e3d9a54b14448600ce0e211a276) Importer(815301076,1909f56bfc062723c751e8b465ee728b)
Start importing Assets/Prefabs/NOT PickUp.prefab using Guid(ee428e3d9a54b14448600ce0e211a276) Importer(815301076,1909f56bfc062723c751e8b465ee728b)  -> (artifact id: '6a5bfd2886b44ad22d95bdc1650b23ad') in 0.038974 seconds
  Import took 0.040761 seconds .

========================================================================
Received Prepare
Registering precompiled user dll's ...
Registered in 0.000466 seconds.
Begin MonoManager ReloadAssembly
Native extension for WindowsStandalone target not found
Refreshing native plugins compatible for Editor in 0.24 ms, found 0 plugins.
Preloading 0 native plugins for Editor in 0.00 ms.
Invoked RoslynAnalysisRunner static constructor.
RoslynAnalysisRunner will not be running.
RoslynAnalysisRunner has terminated.
Mono: successfully reloaded assembly
- Completed reload, in  0.502 seconds
Platform modules already initialized, skipping
Refreshing native plugins compatible for Editor in 0.19 ms, found 0 plugins.
Preloading 0 native plugins for Editor in 0.00 ms.
Unloading 1400 Unused Serialized files (Serialized files now loaded: 0)
System memory in use before: 71.7 MB.
System memory in use after: 71.7 MB.

Unloading 5 unused Assets to reduce memory usage. Loaded Objects now: 1940.
Total: 1.459000 ms (FindLiveObjects: 0.129900 ms CreateObjectMapping: 0.039800 ms MarkObjects: 1.256800 ms  DeleteObjects: 0.031800 ms)

========================================================================
Received Prepare
Registering precompiled user dll's ...
Registered in 0.000454 seconds.
Begin MonoManager ReloadAssembly
Native extension for WindowsStandalone target not found
Refreshing native plugins compatible for Editor in 0.22 ms, found 0 plugins.
Preloading 0 native plugins for Editor in 0.00 ms.
Invoked RoslynAnalysisRunner static constructor.
RoslynAnalysisRunner will not be running.
RoslynAnalysisRunner has terminated.
Mono: successfully reloaded assembly
- Completed reload, in  0.506 seconds
Platform modules already initialized, skipping
Refreshing native plugins compatible for Editor in 0.18 ms, found 0 plugins.
Preloading 0 native plugins for Editor in 0.00 ms.
Unloading 1400 Unused Serialized files (Serialized files now loaded: 0)
System memory in use before: 71.7 MB.
System memory in use after: 71.8 MB.

Unloading 5 unused Assets to reduce memory usage. Loaded Objects now: 1942.
Total: 1.521300 ms (FindLiveObjects: 0.127000 ms CreateObjectMapping: 0.040100 ms MarkObjects: 1.324400 ms  DeleteObjects: 0.029000 ms)

========================================================================
Received Prepare
Registering precompiled user dll's ...
Registered in 0.000436 seconds.
Begin MonoManager ReloadAssembly
Native extension for WindowsStandalone target not found
Refreshing native plugins compatible for Editor in 0.22 ms, found 0 plugins.
Preloading 0 native plugins for Editor in 0.00 ms.
Invoked RoslynAnalysisRunner static constructor.
RoslynAnalysisRunner will not be running.
RoslynAnalysisRunner has terminated.
Mono: successfully reloaded assembly
- Completed reload, in  0.500 seconds
Platform modules already initialized, skipping
Refreshing native plugins compatible for Editor in 0.18 ms, found 0 plugins.
Preloading 0 native plugins for Editor in 0.00 ms.
Unloading 1400 Unused Serialized files (Serialized files now loaded: 0)
System memory in use before: 71.7 MB.
System memory in use after: 71.8 MB.

Unloading 5 unused Assets to reduce memory usage. Loaded Objects now: 1944.
Total: 1.503200 ms (FindLiveObjects: 0.114600 ms CreateObjectMapping: 0.035800 ms MarkObjects: 1.325000 ms  DeleteObjects: 0.027000 ms)

========================================================================
Received Prepare
Registering precompiled user dll's ...
Registered in 0.000457 seconds.
Begin MonoManager ReloadAssembly
Native extension for WindowsStandalone target not found
Refreshing native plugins compatible for Editor in 0.22 ms, found 0 plugins.
Preloading 0 native plugins for Editor in 0.00 ms.
Invoked RoslynAnalysisRunner static constructor.
RoslynAnalysisRunner will not be running.
RoslynAnalysisRunner has terminated.
Mono: successfully reloaded assembly
- Completed reload, in  0.520 seconds
Platform modules already initialized, skipping
Refreshing native plugins compatible for Editor in 0.20 ms, found 0 plugins.
Preloading 0 native plugins for Editor in 0.00 ms.
Unloading 1400 Unused Serialized files (Serialized files now loaded: 0)
System memory in use before: 71.7 MB.
System memory in use after: 71.8 MB.

Unloading 5 unused Assets to reduce memory usage. Loaded Objects now: 1946.
Total: 1.544200 ms (FindLiveObjects: 0.131400 ms CreateObjectMapping: 0.037800 ms MarkObjects: 1.342600 ms  DeleteObjects: 0.031800 ms)

========================================================================
Received Prepare
Registering precompiled user dll's ...
Registered in 0.000463 seconds.
Begin MonoManager ReloadAssembly
Native extension for WindowsStandalone target not found
Refreshing native plugins compatible for Editor in 0.22 ms, found 0 plugins.
Preloading 0 native plugins for Editor in 0.00 ms.
Invoked RoslynAnalysisRunner static constructor.
RoslynAnalysisRunner will not be running.
RoslynAnalysisRunner has terminated.
Mono: successfully reloaded assembly
- Completed reload, in  0.496 seconds
Platform modules already initialized, skipping
Refreshing native plugins compatible for Editor in 0.19 ms, found 0 plugins.
Preloading 0 native plugins for Editor in 0.00 ms.
Unloading 1400 Unused Serialized files (Serialized files now loaded: 0)
System memory in use before: 71.7 MB.
System memory in use after: 71.8 MB.

Unloading 5 unused Assets to reduce memory usage. Loaded Objects now: 1948.
Total: 1.397200 ms (FindLiveObjects: 0.109700 ms CreateObjectMapping: 0.034500 ms MarkObjects: 1.224300 ms  DeleteObjects: 0.028100 ms)

========================================================================
Received Prepare
Registering precompiled user dll's ...
Registered in 0.000460 seconds.
Begin MonoManager ReloadAssembly
Native extension for WindowsStandalone target not found
Refreshing native plugins compatible for Editor in 0.23 ms, found 0 plugins.
Preloading 0 native plugins for Editor in 0.00 ms.
Invoked RoslynAnalysisRunner static constructor.
RoslynAnalysisRunner will not be running.
RoslynAnalysisRunner has terminated.
Mono: successfully reloaded assembly
- Completed reload, in  0.527 seconds
Platform modules already initialized, skipping
Refreshing native plugins compatible for Editor in 0.20 ms, found 0 plugins.
Preloading 0 native plugins for Editor in 0.00 ms.
Unloading 1400 Unused Serialized files (Serialized files now loaded: 0)
System memory in use before: 71.7 MB.
System memory in use after: 71.8 MB.

Unloading 5 unused Assets to reduce memory usage. Loaded Objects now: 1950.
Total: 1.583200 ms (FindLiveObjects: 0.134600 ms CreateObjectMapping: 0.038900 ms MarkObjects: 1.374900 ms  DeleteObjects: 0.034000 ms)

========================================================================
Received Import Request.
  Time since last request: 1510.081104 seconds.
  path: Assets/Audios/NOT PickUp Sound.m4a
  artifactKey: Guid(8351be2cf8f1fac4bb8d87437ee5acd5) Importer(815301076,1909f56bfc062723c751e8b465ee728b)
Start importing Assets/Audios/NOT PickUp Sound.m4a using Guid(8351be2cf8f1fac4bb8d87437ee5acd5) Importer(815301076,1909f56bfc062723c751e8b465ee728b)  -> (artifact id: 'd44cea92cd454c9c52fcd5ce4e392526') in 0.014622 seconds
  Import took 0.016726 seconds .

========================================================================
Received Import Request.
  Time since last request: 42.757506 seconds.
  path: Assets/Audios/NOT-PickUp-Sound.mp3
  artifactKey: Guid(9c67256e01c9f81438dfa96ea380759c) Importer(815301076,1909f56bfc062723c751e8b465ee728b)
Start importing Assets/Audios/NOT-PickUp-Sound.mp3 using Guid(9c67256e01c9f81438dfa96ea380759c) Importer(815301076,1909f56bfc062723c751e8b465ee728b)  -> (artifact id: 'e0091624c98c265a2f0b33f4b0e2cb6a') in 0.027445 seconds
  Import took 0.029309 seconds .

========================================================================
Received Prepare
Registering precompiled user dll's ...
Registered in 0.000428 seconds.
Begin MonoManager ReloadAssembly
Native extension for WindowsStandalone target not found
Refreshing native plugins compatible for Editor in 0.22 ms, found 0 plugins.
Preloading 0 native plugins for Editor in 0.00 ms.
Invoked RoslynAnalysisRunner static constructor.
RoslynAnalysisRunner will not be running.
RoslynAnalysisRunner has terminated.
Mono: successfully reloaded assembly
- Completed reload, in  0.506 seconds
Platform modules already initialized, skipping
Refreshing native plugins compatible for Editor in 0.19 ms, found 0 plugins.
Preloading 0 native plugins for Editor in 0.00 ms.
Unloading 1400 Unused Serialized files (Serialized files now loaded: 0)
System memory in use before: 71.7 MB.
System memory in use after: 71.8 MB.

Unloading 5 unused Assets to reduce memory usage. Loaded Objects now: 1953.
Total: 1.501000 ms (FindLiveObjects: 0.133000 ms CreateObjectMapping: 0.036400 ms MarkObjects: 1.298800 ms  DeleteObjects: 0.032100 ms)

========================================================================
Received Prepare
Registering precompiled user dll's ...
Registered in 0.000522 seconds.
Begin MonoManager ReloadAssembly
Native extension for WindowsStandalone target not found
Refreshing native plugins compatible for Editor in 0.22 ms, found 0 plugins.
Preloading 0 native plugins for Editor in 0.00 ms.
Invoked RoslynAnalysisRunner static constructor.
RoslynAnalysisRunner will not be running.
RoslynAnalysisRunner has terminated.
Mono: successfully reloaded assembly
- Completed reload, in  0.500 seconds
Platform modules already initialized, skipping
Refreshing native plugins compatible for Editor in 0.20 ms, found 0 plugins.
Preloading 0 native plugins for Editor in 0.00 ms.
Unloading 1400 Unused Serialized files (Serialized files now loaded: 0)
System memory in use before: 71.7 MB.
System memory in use after: 71.8 MB.

Unloading 5 unused Assets to reduce memory usage. Loaded Objects now: 1955.
Total: 1.700700 ms (FindLiveObjects: 0.123000 ms CreateObjectMapping: 0.037200 ms MarkObjects: 1.506200 ms  DeleteObjects: 0.033400 ms)

AssetImportWorkerClient::OnTransportError - code=2 error=End of file
